2021-02-28 19:37:53 INFO  main com.kapcb.ccc.tdd.TestDrivenDevelopment Starting TestDrivenDevelopment on LAPTOP-SDEJ0P4N with PID 10088 (started by chenc in D:\DevelopTools\IDEA\IDEA-workspace\SpringBoot-Kapcb\SpringBoot-AMQP-Rabbit-Producer)
2021-02-28 19:37:53 INFO  main com.kapcb.ccc.tdd.TestDrivenDevelopment No active profile set, falling back to default profiles: default
2021-02-28 19:37:58 INFO  main com.kapcb.ccc.commons.config.exchange.RabbitDirectExchange begin to create rabbit exchange bean of directExchangeOne...
2021-02-28 19:37:58 INFO  main com.kapcb.ccc.commons.config.exchange.RabbitDirectExchange begin to create rabbit exchange bean of directExchangeTwo...
2021-02-28 19:37:58 INFO  main com.kapcb.ccc.commons.config.exchange.RabbitDirectExchange begin to create rabbit queue bean of directQueueOne...
2021-02-28 19:37:58 INFO  main com.kapcb.ccc.commons.config.exchange.RabbitDirectExchange begin to create rabbit queue bean of directQueueTwo...
2021-02-28 19:37:58 INFO  main com.kapcb.ccc.commons.config.exchange.RabbitDirectExchange begin to binding directQueueOne to  directExchangeOne...
2021-02-28 19:37:58 INFO  main com.kapcb.ccc.commons.config.exchange.RabbitDirectExchange begin to binding directQueueTwo to directExchangeTwo...
2021-02-28 19:37:58 INFO  main com.kapcb.ccc.commons.config.exchange.RabbitFanoutExchange begin to create rabbit exchange bean of fanoutExchangeOne...
2021-02-28 19:37:58 INFO  main com.kapcb.ccc.commons.config.exchange.RabbitFanoutExchange begin to create rabbit queue bean of fanoutQueueOne...
2021-02-28 19:37:58 INFO  main com.kapcb.ccc.commons.config.exchange.RabbitFanoutExchange begin to create rabbit queue bean of fanoutQueueTwo...
2021-02-28 19:37:58 INFO  main com.kapcb.ccc.commons.config.exchange.RabbitFanoutExchange begin to create rabbit queue bean of fanoutQueueThree...
2021-02-28 19:37:58 INFO  main com.kapcb.ccc.commons.config.exchange.RabbitFanoutExchange begin to binding queue fanoutQueueOne to fanoutExchangeOne...
2021-02-28 19:37:58 INFO  main com.kapcb.ccc.commons.config.exchange.RabbitFanoutExchange begin to binding queue fanoutQueueTwo to fanoutExchangeOne...
2021-02-28 19:37:58 INFO  main com.kapcb.ccc.commons.config.exchange.RabbitFanoutExchange begin to binding queue fanoutQueueThree to fanoutExchangeOne...
2021-02-28 19:37:58 INFO  main com.kapcb.ccc.commons.config.exchange.RabbitTopicExchange begin to create rabbit exchange bean of topicExchangeOne...
2021-02-28 19:37:58 INFO  main com.kapcb.ccc.commons.config.exchange.RabbitTopicExchange begin to create rabbit queue bean of topicQueueOne...
2021-02-28 19:37:58 INFO  main com.kapcb.ccc.commons.config.exchange.RabbitTopicExchange begin to create rabbit queue bean of topicQueueTwo...
2021-02-28 19:37:58 INFO  main com.kapcb.ccc.commons.config.exchange.RabbitTopicExchange begin to binding topicQueueOne to  topicExchangeOne...
2021-02-28 19:37:58 INFO  main com.kapcb.ccc.commons.config.exchange.RabbitTopicExchange begin to binding topicQueueTwo to  topicExchangeOne...
2021-02-28 19:37:58 INFO  main org.springframework.scheduling.concurrent.ThreadPoolTaskExecutor Initializing ExecutorService 'applicationTaskExecutor'
2021-02-28 19:37:59 INFO  main com.kapcb.ccc.tdd.TestDrivenDevelopment Started TestDrivenDevelopment in 6.019 seconds (JVM running for 7.362)
2021-02-28 19:37:59 INFO  main org.springframework.amqp.rabbit.connection.CachingConnectionFactory Attempting to connect to: [192.168.80.131:5672]
2021-02-28 19:37:59 INFO  main org.springframework.amqp.rabbit.connection.CachingConnectionFactory Created new connection: rabbitConnectionFactory#66596a88:0/SimpleConnection@623dcf2a [delegate=amqp://admin@192.168.80.131:5672/my_vhost, localPort= 51469]
2021-02-28 19:38:00 INFO  main org.springframework.scheduling.concurrent.ThreadPoolTaskScheduler Initializing ExecutorService
2021-02-28 19:38:00 INFO  main org.springframework.amqp.rabbit.listener.DirectReplyToMessageListenerContainer Container initialized for queues: [amq.rabbitmq.reply-to]
2021-02-28 19:38:00 INFO  main org.springframework.amqp.rabbit.listener.DirectReplyToMessageListenerContainer SimpleConsumer [queue=amq.rabbitmq.reply-to, consumerTag=amq.ctag-osBgwhFE58lB7OczntcLeA identity=3dfa819] started
2021-02-28 19:38:00 INFO  rabbitConnectionFactory1 com.kapcb.ccc.commons.config.RabbitConfiguration RabbitConfirmCallback        correlationData : null
2021-02-28 19:38:00 INFO  rabbitConnectionFactory1 com.kapcb.ccc.commons.config.RabbitConfiguration RabbitConfirmCallback        ack : true
2021-02-28 19:38:00 INFO  rabbitConnectionFactory1 com.kapcb.ccc.commons.config.RabbitConfiguration RabbitConfirmCallback        cause : null
2021-02-28 19:38:05 INFO  SpringContextShutdownHook org.springframework.scheduling.concurrent.ThreadPoolTaskExecutor Shutting down ExecutorService 'applicationTaskExecutor'
2021-02-28 19:38:38 INFO  main com.kapcb.ccc.tdd.TestDrivenDevelopment Starting TestDrivenDevelopment on LAPTOP-SDEJ0P4N with PID 11576 (started by chenc in D:\DevelopTools\IDEA\IDEA-workspace\SpringBoot-Kapcb\SpringBoot-AMQP-Rabbit-Producer)
2021-02-28 19:38:38 INFO  main com.kapcb.ccc.tdd.TestDrivenDevelopment No active profile set, falling back to default profiles: default
2021-02-28 19:38:42 INFO  main com.kapcb.ccc.commons.config.exchange.RabbitDirectExchange begin to create rabbit exchange bean of directExchangeOne...
2021-02-28 19:38:42 INFO  main com.kapcb.ccc.commons.config.exchange.RabbitDirectExchange begin to create rabbit exchange bean of directExchangeTwo...
2021-02-28 19:38:42 INFO  main com.kapcb.ccc.commons.config.exchange.RabbitDirectExchange begin to create rabbit queue bean of directQueueOne...
2021-02-28 19:38:42 INFO  main com.kapcb.ccc.commons.config.exchange.RabbitDirectExchange begin to create rabbit queue bean of directQueueTwo...
2021-02-28 19:38:42 INFO  main com.kapcb.ccc.commons.config.exchange.RabbitDirectExchange begin to binding directQueueOne to  directExchangeOne...
2021-02-28 19:38:42 INFO  main com.kapcb.ccc.commons.config.exchange.RabbitDirectExchange begin to binding directQueueTwo to directExchangeTwo...
2021-02-28 19:38:42 INFO  main com.kapcb.ccc.commons.config.exchange.RabbitFanoutExchange begin to create rabbit exchange bean of fanoutExchangeOne...
2021-02-28 19:38:42 INFO  main com.kapcb.ccc.commons.config.exchange.RabbitFanoutExchange begin to create rabbit queue bean of fanoutQueueOne...
2021-02-28 19:38:42 INFO  main com.kapcb.ccc.commons.config.exchange.RabbitFanoutExchange begin to create rabbit queue bean of fanoutQueueTwo...
2021-02-28 19:38:42 INFO  main com.kapcb.ccc.commons.config.exchange.RabbitFanoutExchange begin to create rabbit queue bean of fanoutQueueThree...
2021-02-28 19:38:42 INFO  main com.kapcb.ccc.commons.config.exchange.RabbitFanoutExchange begin to binding queue fanoutQueueOne to fanoutExchangeOne...
2021-02-28 19:38:42 INFO  main com.kapcb.ccc.commons.config.exchange.RabbitFanoutExchange begin to binding queue fanoutQueueTwo to fanoutExchangeOne...
2021-02-28 19:38:42 INFO  main com.kapcb.ccc.commons.config.exchange.RabbitFanoutExchange begin to binding queue fanoutQueueThree to fanoutExchangeOne...
2021-02-28 19:38:42 INFO  main com.kapcb.ccc.commons.config.exchange.RabbitTopicExchange begin to create rabbit exchange bean of topicExchangeOne...
2021-02-28 19:38:42 INFO  main com.kapcb.ccc.commons.config.exchange.RabbitTopicExchange begin to create rabbit queue bean of topicQueueOne...
2021-02-28 19:38:42 INFO  main com.kapcb.ccc.commons.config.exchange.RabbitTopicExchange begin to create rabbit queue bean of topicQueueTwo...
2021-02-28 19:38:42 INFO  main com.kapcb.ccc.commons.config.exchange.RabbitTopicExchange begin to binding topicQueueOne to  topicExchangeOne...
2021-02-28 19:38:42 INFO  main com.kapcb.ccc.commons.config.exchange.RabbitTopicExchange begin to binding topicQueueTwo to  topicExchangeOne...
2021-02-28 19:38:43 INFO  main org.springframework.scheduling.concurrent.ThreadPoolTaskExecutor Initializing ExecutorService 'applicationTaskExecutor'
2021-02-28 19:38:43 INFO  main com.kapcb.ccc.tdd.TestDrivenDevelopment Started TestDrivenDevelopment in 6.046 seconds (JVM running for 7.286)
2021-02-28 19:38:43 INFO  main org.springframework.amqp.rabbit.connection.CachingConnectionFactory Attempting to connect to: [192.168.80.131:5672]
2021-02-28 19:38:43 INFO  main org.springframework.amqp.rabbit.connection.CachingConnectionFactory Created new connection: rabbitConnectionFactory#24a298a6:0/SimpleConnection@68a4dcc6 [delegate=amqp://admin@192.168.80.131:5672/my_vhost, localPort= 51495]
2021-02-28 19:38:44 INFO  main org.springframework.scheduling.concurrent.ThreadPoolTaskScheduler Initializing ExecutorService
2021-02-28 19:38:44 INFO  main org.springframework.amqp.rabbit.listener.DirectReplyToMessageListenerContainer Container initialized for queues: [amq.rabbitmq.reply-to]
2021-02-28 19:38:44 INFO  main org.springframework.amqp.rabbit.listener.DirectReplyToMessageListenerContainer SimpleConsumer [queue=amq.rabbitmq.reply-to, consumerTag=amq.ctag-iI1tScXbP4XNCXXb9XnxWw identity=3cd9aa64] started
2021-02-28 19:38:44 INFO  rabbitConnectionFactory1 com.kapcb.ccc.commons.config.RabbitConfiguration RabbitConfirmCallback        correlationData : null
2021-02-28 19:38:44 INFO  rabbitConnectionFactory1 com.kapcb.ccc.commons.config.RabbitConfiguration RabbitConfirmCallback        ack : true
2021-02-28 19:38:44 INFO  rabbitConnectionFactory1 com.kapcb.ccc.commons.config.RabbitConfiguration RabbitConfirmCallback        cause : null
2021-02-28 19:38:49 INFO  SpringContextShutdownHook org.springframework.scheduling.concurrent.ThreadPoolTaskExecutor Shutting down ExecutorService 'applicationTaskExecutor'
2021-02-28 19:39:21 INFO  main com.kapcb.ccc.tdd.TestDrivenDevelopment Starting TestDrivenDevelopment on LAPTOP-SDEJ0P4N with PID 3420 (started by chenc in D:\DevelopTools\IDEA\IDEA-workspace\SpringBoot-Kapcb\SpringBoot-AMQP-Rabbit-Producer)
2021-02-28 19:39:21 INFO  main com.kapcb.ccc.tdd.TestDrivenDevelopment No active profile set, falling back to default profiles: default
2021-02-28 19:39:25 INFO  main com.kapcb.ccc.commons.config.exchange.RabbitDirectExchange begin to create rabbit exchange bean of directExchangeOne...
2021-02-28 19:39:25 INFO  main com.kapcb.ccc.commons.config.exchange.RabbitDirectExchange begin to create rabbit exchange bean of directExchangeTwo...
2021-02-28 19:39:25 INFO  main com.kapcb.ccc.commons.config.exchange.RabbitDirectExchange begin to create rabbit queue bean of directQueueOne...
2021-02-28 19:39:25 INFO  main com.kapcb.ccc.commons.config.exchange.RabbitDirectExchange begin to create rabbit queue bean of directQueueTwo...
2021-02-28 19:39:25 INFO  main com.kapcb.ccc.commons.config.exchange.RabbitDirectExchange begin to binding directQueueOne to  directExchangeOne...
2021-02-28 19:39:25 INFO  main com.kapcb.ccc.commons.config.exchange.RabbitDirectExchange begin to binding directQueueTwo to directExchangeTwo...
2021-02-28 19:39:25 INFO  main com.kapcb.ccc.commons.config.exchange.RabbitFanoutExchange begin to create rabbit exchange bean of fanoutExchangeOne...
2021-02-28 19:39:25 INFO  main com.kapcb.ccc.commons.config.exchange.RabbitFanoutExchange begin to create rabbit queue bean of fanoutQueueOne...
2021-02-28 19:39:25 INFO  main com.kapcb.ccc.commons.config.exchange.RabbitFanoutExchange begin to create rabbit queue bean of fanoutQueueTwo...
2021-02-28 19:39:25 INFO  main com.kapcb.ccc.commons.config.exchange.RabbitFanoutExchange begin to create rabbit queue bean of fanoutQueueThree...
2021-02-28 19:39:25 INFO  main com.kapcb.ccc.commons.config.exchange.RabbitFanoutExchange begin to binding queue fanoutQueueOne to fanoutExchangeOne...
2021-02-28 19:39:25 INFO  main com.kapcb.ccc.commons.config.exchange.RabbitFanoutExchange begin to binding queue fanoutQueueTwo to fanoutExchangeOne...
2021-02-28 19:39:25 INFO  main com.kapcb.ccc.commons.config.exchange.RabbitFanoutExchange begin to binding queue fanoutQueueThree to fanoutExchangeOne...
2021-02-28 19:39:25 INFO  main com.kapcb.ccc.commons.config.exchange.RabbitTopicExchange begin to create rabbit exchange bean of topicExchangeOne...
2021-02-28 19:39:25 INFO  main com.kapcb.ccc.commons.config.exchange.RabbitTopicExchange begin to create rabbit queue bean of topicQueueOne...
2021-02-28 19:39:25 INFO  main com.kapcb.ccc.commons.config.exchange.RabbitTopicExchange begin to create rabbit queue bean of topicQueueTwo...
2021-02-28 19:39:25 INFO  main com.kapcb.ccc.commons.config.exchange.RabbitTopicExchange begin to binding topicQueueOne to  topicExchangeOne...
2021-02-28 19:39:25 INFO  main com.kapcb.ccc.commons.config.exchange.RabbitTopicExchange begin to binding topicQueueTwo to  topicExchangeOne...
2021-02-28 19:39:25 INFO  main org.springframework.scheduling.concurrent.ThreadPoolTaskExecutor Initializing ExecutorService 'applicationTaskExecutor'
2021-02-28 19:39:26 INFO  main com.kapcb.ccc.tdd.TestDrivenDevelopment Started TestDrivenDevelopment in 5.816 seconds (JVM running for 7.014)
2021-02-28 19:39:26 INFO  main org.springframework.amqp.rabbit.connection.CachingConnectionFactory Attempting to connect to: [192.168.80.131:5672]
2021-02-28 19:39:26 INFO  main org.springframework.amqp.rabbit.connection.CachingConnectionFactory Created new connection: rabbitConnectionFactory#27f74733:0/SimpleConnection@3804a9a8 [delegate=amqp://admin@192.168.80.131:5672/my_vhost, localPort= 51516]
2021-02-28 19:39:26 INFO  main org.springframework.scheduling.concurrent.ThreadPoolTaskScheduler Initializing ExecutorService
2021-02-28 19:39:26 INFO  main org.springframework.amqp.rabbit.listener.DirectReplyToMessageListenerContainer Container initialized for queues: [amq.rabbitmq.reply-to]
2021-02-28 19:39:26 INFO  main org.springframework.amqp.rabbit.listener.DirectReplyToMessageListenerContainer SimpleConsumer [queue=amq.rabbitmq.reply-to, consumerTag=amq.ctag-4LAv_DsyvNLvPECQaDcTRw identity=443effcb] started
2021-02-28 19:39:26 INFO  rabbitConnectionFactory1 com.kapcb.ccc.commons.config.RabbitConfiguration RabbitConfirmCallback        correlationData : null
2021-02-28 19:39:26 INFO  rabbitConnectionFactory1 com.kapcb.ccc.commons.config.RabbitConfiguration RabbitConfirmCallback        ack : true
2021-02-28 19:39:26 INFO  rabbitConnectionFactory1 com.kapcb.ccc.commons.config.RabbitConfiguration RabbitConfirmCallback        cause : null
2021-02-28 19:39:26 INFO  rabbitConnectionFactory1 com.kapcb.ccc.commons.config.RabbitConfiguration the producer send message to exchange ,the confirm callback message is : 
2021-02-28 19:39:31 INFO  SpringContextShutdownHook org.springframework.scheduling.concurrent.ThreadPoolTaskExecutor Shutting down ExecutorService 'applicationTaskExecutor'
