2021-02-28 18:47:01 INFO  main com.kapcb.ccc.RabbitProducerApplication Starting RabbitProducerApplication on LAPTOP-SDEJ0P4N with PID 14624 (D:\DevelopTools\IDEA\IDEA-workspace\SpringBoot-Kapcb\SpringBoot-AMQP-Rabbit-Producer\target\classes started by chenc in D:\DevelopTools\IDEA\IDEA-workspace\SpringBoot-Kapcb)
2021-02-28 18:47:01 INFO  main com.kapcb.ccc.RabbitProducerApplication No active profile set, falling back to default profiles: default
2021-02-28 18:47:02 INFO  main org.springframework.boot.web.embedded.tomcat.TomcatWebServer Tomcat initialized with port(s): 8081 (http)
2021-02-28 18:47:02 INFO  main org.apache.coyote.http11.Http11NioProtocol Initializing ProtocolHandler ["http-nio-8081"]
2021-02-28 18:47:02 INFO  main org.apache.catalina.core.StandardService Starting service [Tomcat]
2021-02-28 18:47:02 INFO  main org.apache.catalina.core.StandardEngine Starting Servlet engine: [Apache Tomcat/9.0.36]
2021-02-28 18:47:02 INFO  main org.apache.catalina.core.ContainerBase.[Tomcat].[localhost].[/] Initializing Spring embedded WebApplicationContext
2021-02-28 18:47:02 INFO  main org.springframework.boot.web.servlet.context.ServletWebServerApplicationContext Root WebApplicationContext: initialization completed in 1255 ms
2021-02-28 18:47:02 INFO  main org.apache.catalina.core.StandardService Stopping service [Tomcat]
2021-02-28 18:47:03 INFO  main org.springframework.boot.autoconfigure.logging.ConditionEvaluationReportLoggingListener 

Error starting ApplicationContext. To display the conditions report re-run your application with 'debug' enabled.
2021-02-28 18:47:56 INFO  main com.kapcb.ccc.RabbitProducerApplication Starting RabbitProducerApplication on LAPTOP-SDEJ0P4N with PID 16076 (D:\DevelopTools\IDEA\IDEA-workspace\SpringBoot-Kapcb\SpringBoot-AMQP-Rabbit-Producer\target\classes started by chenc in D:\DevelopTools\IDEA\IDEA-workspace\SpringBoot-Kapcb)
2021-02-28 18:47:56 INFO  main com.kapcb.ccc.RabbitProducerApplication No active profile set, falling back to default profiles: default
2021-02-28 18:47:57 INFO  main org.springframework.boot.web.embedded.tomcat.TomcatWebServer Tomcat initialized with port(s): 8081 (http)
2021-02-28 18:47:57 INFO  main org.apache.coyote.http11.Http11NioProtocol Initializing ProtocolHandler ["http-nio-8081"]
2021-02-28 18:47:57 INFO  main org.apache.catalina.core.StandardService Starting service [Tomcat]
2021-02-28 18:47:57 INFO  main org.apache.catalina.core.StandardEngine Starting Servlet engine: [Apache Tomcat/9.0.36]
2021-02-28 18:47:57 INFO  main org.apache.catalina.core.ContainerBase.[Tomcat].[localhost].[/] Initializing Spring embedded WebApplicationContext
2021-02-28 18:47:57 INFO  main org.springframework.boot.web.servlet.context.ServletWebServerApplicationContext Root WebApplicationContext: initialization completed in 1031 ms
2021-02-28 18:47:59 INFO  main org.apache.catalina.core.StandardService Stopping service [Tomcat]
2021-02-28 18:47:59 INFO  main org.springframework.boot.autoconfigure.logging.ConditionEvaluationReportLoggingListener 

Error starting ApplicationContext. To display the conditions report re-run your application with 'debug' enabled.
2021-02-28 19:16:44 INFO  main com.kapcb.ccc.RabbitProducerApplication Starting RabbitProducerApplication on LAPTOP-SDEJ0P4N with PID 11596 (D:\DevelopTools\IDEA\IDEA-workspace\SpringBoot-Kapcb\SpringBoot-AMQP-Rabbit-Producer\target\classes started by chenc in D:\DevelopTools\IDEA\IDEA-workspace\SpringBoot-Kapcb)
2021-02-28 19:16:44 INFO  main com.kapcb.ccc.RabbitProducerApplication No active profile set, falling back to default profiles: default
2021-02-28 19:16:45 INFO  main org.springframework.boot.web.embedded.tomcat.TomcatWebServer Tomcat initialized with port(s): 8081 (http)
2021-02-28 19:16:45 INFO  main org.apache.coyote.http11.Http11NioProtocol Initializing ProtocolHandler ["http-nio-8081"]
2021-02-28 19:16:45 INFO  main org.apache.catalina.core.StandardService Starting service [Tomcat]
2021-02-28 19:16:45 INFO  main org.apache.catalina.core.StandardEngine Starting Servlet engine: [Apache Tomcat/9.0.36]
2021-02-28 19:16:45 INFO  main org.apache.catalina.core.ContainerBase.[Tomcat].[localhost].[/] Initializing Spring embedded WebApplicationContext
2021-02-28 19:16:45 INFO  main org.springframework.boot.web.servlet.context.ServletWebServerApplicationContext Root WebApplicationContext: initialization completed in 1163 ms
2021-02-28 19:16:46 INFO  main com.kapcb.ccc.commons.config.exchange.RabbitDirectExchange begin to create rabbit exchange bean of directExchangeOne...
2021-02-28 19:16:46 INFO  main com.kapcb.ccc.commons.config.exchange.RabbitDirectExchange begin to create rabbit exchange bean of directExchangeTwo...
2021-02-28 19:16:46 INFO  main com.kapcb.ccc.commons.config.exchange.RabbitDirectExchange begin to create rabbit queue bean of directQueueOne...
2021-02-28 19:16:46 INFO  main com.kapcb.ccc.commons.config.exchange.RabbitDirectExchange begin to create rabbit queue bean of directQueueTwo...
2021-02-28 19:16:46 INFO  main com.kapcb.ccc.commons.config.exchange.RabbitDirectExchange begin to binding directQueueOne to  directExchangeOne...
2021-02-28 19:16:46 INFO  main com.kapcb.ccc.commons.config.exchange.RabbitDirectExchange begin to binding directQueueTwo to directExchangeTwo...
2021-02-28 19:16:46 INFO  main com.kapcb.ccc.commons.config.exchange.RabbitFanoutExchange begin to create rabbit exchange bean of fanoutExchangeOne...
2021-02-28 19:16:46 INFO  main com.kapcb.ccc.commons.config.exchange.RabbitFanoutExchange begin to create rabbit queue bean of fanoutQueueOne...
2021-02-28 19:16:46 INFO  main com.kapcb.ccc.commons.config.exchange.RabbitFanoutExchange begin to create rabbit queue bean of fanoutQueueTwo...
2021-02-28 19:16:46 INFO  main com.kapcb.ccc.commons.config.exchange.RabbitFanoutExchange begin to create rabbit queue bean of fanoutQueueThree...
2021-02-28 19:16:46 INFO  main com.kapcb.ccc.commons.config.exchange.RabbitFanoutExchange begin to binding queue fanoutQueueOne to fanoutExchangeOne...
2021-02-28 19:16:46 INFO  main com.kapcb.ccc.commons.config.exchange.RabbitFanoutExchange begin to binding queue fanoutQueueTwo to fanoutExchangeOne...
2021-02-28 19:16:46 INFO  main com.kapcb.ccc.commons.config.exchange.RabbitFanoutExchange begin to binding queue fanoutQueueThree to fanoutExchangeOne...
2021-02-28 19:16:46 INFO  main com.kapcb.ccc.commons.config.exchange.RabbitTopicExchange begin to create rabbit exchange bean of topicExchangeOne...
2021-02-28 19:16:46 INFO  main com.kapcb.ccc.commons.config.exchange.RabbitTopicExchange begin to create rabbit queue bean of topicQueueOne...
2021-02-28 19:16:46 INFO  main com.kapcb.ccc.commons.config.exchange.RabbitTopicExchange begin to create rabbit queue bean of topicQueueTwo...
2021-02-28 19:16:46 INFO  main com.kapcb.ccc.commons.config.exchange.RabbitTopicExchange begin to binding topicQueueOne to  topicExchangeOne...
2021-02-28 19:16:46 INFO  main com.kapcb.ccc.commons.config.exchange.RabbitTopicExchange begin to binding topicQueueTwo to  topicExchangeOne...
2021-02-28 19:16:47 INFO  main org.springframework.scheduling.concurrent.ThreadPoolTaskExecutor Initializing ExecutorService 'applicationTaskExecutor'
2021-02-28 19:16:47 INFO  main org.apache.coyote.http11.Http11NioProtocol Starting ProtocolHandler ["http-nio-8081"]
2021-02-28 19:16:47 INFO  main org.springframework.boot.web.embedded.tomcat.TomcatWebServer Tomcat started on port(s): 8081 (http) with context path ''
2021-02-28 19:16:47 INFO  main com.kapcb.ccc.RabbitProducerApplication Started RabbitProducerApplication in 3.824 seconds (JVM running for 5.93)
2021-02-28 19:18:17 INFO  main com.kapcb.ccc.RabbitProducerApplication Starting RabbitProducerApplication on LAPTOP-SDEJ0P4N with PID 11612 (D:\DevelopTools\IDEA\IDEA-workspace\SpringBoot-Kapcb\SpringBoot-AMQP-Rabbit-Producer\target\classes started by chenc in D:\DevelopTools\IDEA\IDEA-workspace\SpringBoot-Kapcb)
2021-02-28 19:18:17 INFO  main com.kapcb.ccc.RabbitProducerApplication No active profile set, falling back to default profiles: default
2021-02-28 19:18:18 INFO  main org.springframework.boot.web.embedded.tomcat.TomcatWebServer Tomcat initialized with port(s): 8081 (http)
2021-02-28 19:18:18 INFO  main org.apache.coyote.http11.Http11NioProtocol Initializing ProtocolHandler ["http-nio-8081"]
2021-02-28 19:18:18 INFO  main org.apache.catalina.core.StandardService Starting service [Tomcat]
2021-02-28 19:18:18 INFO  main org.apache.catalina.core.StandardEngine Starting Servlet engine: [Apache Tomcat/9.0.36]
2021-02-28 19:18:18 INFO  main org.apache.catalina.core.ContainerBase.[Tomcat].[localhost].[/] Initializing Spring embedded WebApplicationContext
2021-02-28 19:18:18 INFO  main org.springframework.boot.web.servlet.context.ServletWebServerApplicationContext Root WebApplicationContext: initialization completed in 1035 ms
2021-02-28 19:18:19 INFO  main com.kapcb.ccc.commons.config.exchange.RabbitDirectExchange begin to create rabbit exchange bean of directExchangeOne...
2021-02-28 19:18:19 INFO  main com.kapcb.ccc.commons.config.exchange.RabbitDirectExchange begin to create rabbit exchange bean of directExchangeTwo...
2021-02-28 19:18:19 INFO  main com.kapcb.ccc.commons.config.exchange.RabbitDirectExchange begin to create rabbit queue bean of directQueueOne...
2021-02-28 19:18:19 INFO  main com.kapcb.ccc.commons.config.exchange.RabbitDirectExchange begin to create rabbit queue bean of directQueueTwo...
2021-02-28 19:18:19 INFO  main com.kapcb.ccc.commons.config.exchange.RabbitDirectExchange begin to binding directQueueOne to  directExchangeOne...
2021-02-28 19:18:19 INFO  main com.kapcb.ccc.commons.config.exchange.RabbitDirectExchange begin to binding directQueueTwo to directExchangeTwo...
2021-02-28 19:18:19 INFO  main com.kapcb.ccc.commons.config.exchange.RabbitFanoutExchange begin to create rabbit exchange bean of fanoutExchangeOne...
2021-02-28 19:18:19 INFO  main com.kapcb.ccc.commons.config.exchange.RabbitFanoutExchange begin to create rabbit queue bean of fanoutQueueOne...
2021-02-28 19:18:19 INFO  main com.kapcb.ccc.commons.config.exchange.RabbitFanoutExchange begin to create rabbit queue bean of fanoutQueueTwo...
2021-02-28 19:18:19 INFO  main com.kapcb.ccc.commons.config.exchange.RabbitFanoutExchange begin to create rabbit queue bean of fanoutQueueThree...
2021-02-28 19:18:19 INFO  main com.kapcb.ccc.commons.config.exchange.RabbitFanoutExchange begin to binding queue fanoutQueueOne to fanoutExchangeOne...
2021-02-28 19:18:19 INFO  main com.kapcb.ccc.commons.config.exchange.RabbitFanoutExchange begin to binding queue fanoutQueueTwo to fanoutExchangeOne...
2021-02-28 19:18:19 INFO  main com.kapcb.ccc.commons.config.exchange.RabbitFanoutExchange begin to binding queue fanoutQueueThree to fanoutExchangeOne...
2021-02-28 19:18:19 INFO  main com.kapcb.ccc.commons.config.exchange.RabbitTopicExchange begin to create rabbit exchange bean of topicExchangeOne...
2021-02-28 19:18:19 INFO  main com.kapcb.ccc.commons.config.exchange.RabbitTopicExchange begin to create rabbit queue bean of topicQueueOne...
2021-02-28 19:18:19 INFO  main com.kapcb.ccc.commons.config.exchange.RabbitTopicExchange begin to create rabbit queue bean of topicQueueTwo...
2021-02-28 19:18:19 INFO  main com.kapcb.ccc.commons.config.exchange.RabbitTopicExchange begin to binding topicQueueOne to  topicExchangeOne...
2021-02-28 19:18:19 INFO  main com.kapcb.ccc.commons.config.exchange.RabbitTopicExchange begin to binding topicQueueTwo to  topicExchangeOne...
2021-02-28 19:18:19 INFO  main org.springframework.scheduling.concurrent.ThreadPoolTaskExecutor Initializing ExecutorService 'applicationTaskExecutor'
2021-02-28 19:18:20 INFO  main org.apache.coyote.http11.Http11NioProtocol Starting ProtocolHandler ["http-nio-8081"]
2021-02-28 19:18:20 INFO  main org.springframework.boot.web.embedded.tomcat.TomcatWebServer Tomcat started on port(s): 8081 (http) with context path ''
2021-02-28 19:18:20 INFO  main com.kapcb.ccc.RabbitProducerApplication Started RabbitProducerApplication in 3.462 seconds (JVM running for 5.496)
2021-02-28 19:22:57 INFO  main com.kapcb.ccc.RabbitProducerApplication Starting RabbitProducerApplication on LAPTOP-SDEJ0P4N with PID 14852 (D:\DevelopTools\IDEA\IDEA-workspace\SpringBoot-Kapcb\SpringBoot-AMQP-Rabbit-Producer\target\classes started by chenc in D:\DevelopTools\IDEA\IDEA-workspace\SpringBoot-Kapcb)
2021-02-28 19:22:57 INFO  main com.kapcb.ccc.RabbitProducerApplication No active profile set, falling back to default profiles: default
2021-02-28 19:22:58 INFO  main org.springframework.boot.web.embedded.tomcat.TomcatWebServer Tomcat initialized with port(s): 8081 (http)
2021-02-28 19:22:58 INFO  main org.apache.coyote.http11.Http11NioProtocol Initializing ProtocolHandler ["http-nio-8081"]
2021-02-28 19:22:58 INFO  main org.apache.catalina.core.StandardService Starting service [Tomcat]
2021-02-28 19:22:58 INFO  main org.apache.catalina.core.StandardEngine Starting Servlet engine: [Apache Tomcat/9.0.36]
2021-02-28 19:22:58 INFO  main org.apache.catalina.core.ContainerBase.[Tomcat].[localhost].[/] Initializing Spring embedded WebApplicationContext
2021-02-28 19:22:58 INFO  main org.springframework.boot.web.servlet.context.ServletWebServerApplicationContext Root WebApplicationContext: initialization completed in 1013 ms
2021-02-28 19:22:59 INFO  main com.kapcb.ccc.commons.config.exchange.RabbitDirectExchange begin to create rabbit exchange bean of directExchangeOne...
2021-02-28 19:22:59 INFO  main com.kapcb.ccc.commons.config.exchange.RabbitDirectExchange begin to create rabbit exchange bean of directExchangeTwo...
2021-02-28 19:22:59 INFO  main com.kapcb.ccc.commons.config.exchange.RabbitDirectExchange begin to create rabbit queue bean of directQueueOne...
2021-02-28 19:22:59 INFO  main com.kapcb.ccc.commons.config.exchange.RabbitDirectExchange begin to create rabbit queue bean of directQueueTwo...
2021-02-28 19:22:59 INFO  main com.kapcb.ccc.commons.config.exchange.RabbitDirectExchange begin to binding directQueueOne to  directExchangeOne...
2021-02-28 19:22:59 INFO  main com.kapcb.ccc.commons.config.exchange.RabbitDirectExchange begin to binding directQueueTwo to directExchangeTwo...
2021-02-28 19:22:59 INFO  main com.kapcb.ccc.commons.config.exchange.RabbitFanoutExchange begin to create rabbit exchange bean of fanoutExchangeOne...
2021-02-28 19:22:59 INFO  main com.kapcb.ccc.commons.config.exchange.RabbitFanoutExchange begin to create rabbit queue bean of fanoutQueueOne...
2021-02-28 19:22:59 INFO  main com.kapcb.ccc.commons.config.exchange.RabbitFanoutExchange begin to create rabbit queue bean of fanoutQueueTwo...
2021-02-28 19:22:59 INFO  main com.kapcb.ccc.commons.config.exchange.RabbitFanoutExchange begin to create rabbit queue bean of fanoutQueueThree...
2021-02-28 19:22:59 INFO  main com.kapcb.ccc.commons.config.exchange.RabbitFanoutExchange begin to binding queue fanoutQueueOne to fanoutExchangeOne...
2021-02-28 19:22:59 INFO  main com.kapcb.ccc.commons.config.exchange.RabbitFanoutExchange begin to binding queue fanoutQueueTwo to fanoutExchangeOne...
2021-02-28 19:22:59 INFO  main com.kapcb.ccc.commons.config.exchange.RabbitFanoutExchange begin to binding queue fanoutQueueThree to fanoutExchangeOne...
2021-02-28 19:22:59 INFO  main com.kapcb.ccc.commons.config.exchange.RabbitTopicExchange begin to create rabbit exchange bean of topicExchangeOne...
2021-02-28 19:22:59 INFO  main com.kapcb.ccc.commons.config.exchange.RabbitTopicExchange begin to create rabbit queue bean of topicQueueOne...
2021-02-28 19:22:59 INFO  main com.kapcb.ccc.commons.config.exchange.RabbitTopicExchange begin to create rabbit queue bean of topicQueueTwo...
2021-02-28 19:22:59 INFO  main com.kapcb.ccc.commons.config.exchange.RabbitTopicExchange begin to binding topicQueueOne to  topicExchangeOne...
2021-02-28 19:22:59 INFO  main com.kapcb.ccc.commons.config.exchange.RabbitTopicExchange begin to binding topicQueueTwo to  topicExchangeOne...
2021-02-28 19:22:59 INFO  main org.springframework.scheduling.concurrent.ThreadPoolTaskExecutor Initializing ExecutorService 'applicationTaskExecutor'
2021-02-28 19:23:00 INFO  main org.apache.coyote.http11.Http11NioProtocol Starting ProtocolHandler ["http-nio-8081"]
2021-02-28 19:23:00 INFO  main org.springframework.boot.web.embedded.tomcat.TomcatWebServer Tomcat started on port(s): 8081 (http) with context path ''
2021-02-28 19:23:00 INFO  main com.kapcb.ccc.RabbitProducerApplication Started RabbitProducerApplication in 3.465 seconds (JVM running for 5.489)
